2026-02-01 17:50:02 - soc_bot - DEBUG - [MESSAGE] 2.3cam in member-logs: !generate_playbook
2026-02-01 17:50:02 - soc_bot - INFO - [COMMAND] 2.3cam -> generate_playbook in 2.3cam's server
2026-02-01 17:51:10 - soc_bot - DEBUG - [MESSAGE] 2.3cam in member-logs: !generate_playbook alerts
2026-02-01 17:51:10 - soc_bot - INFO - [COMMAND] 2.3cam -> generate_playbook in 2.3cam's server
2026-02-01 17:51:27 - soc_bot - DEBUG - [MESSAGE] 2.3cam in member-logs: !generate_playbook detection
2026-02-01 17:51:27 - soc_bot - INFO - [COMMAND] 2.3cam -> generate_playbook in 2.3cam's server
2026-02-01 17:53:05 - soc_bot - DEBUG - [MESSAGE] 2.3cam in message-logs: !generate_policy
2026-02-01 17:53:05 - soc_bot - INFO - [COMMAND] 2.3cam -> generate_policy in 2.3cam's server
2026-02-01 17:54:16 - soc_bot - DEBUG - [MESSAGE] 2.3cam in message-logs: !generate_policy scope
2026-02-01 17:54:16 - soc_bot - INFO - [COMMAND] 2.3cam -> generate_policy in 2.3cam's server
2026-02-01 17:55:01 - soc_bot - DEBUG - [MESSAGE] 2.3cam in scope: 
2026-02-02 15:48:47 - soc_bot - INFO - Bot ready - 2 guilds, 13 users
2026-02-02 15:52:39 - soc_bot - INFO - Bot ready - 2 guilds, 13 users
2026-02-02 15:55:00 - soc_bot - INFO - Bot ready - 2 guilds, 13 users
2026-02-02 15:56:09 - soc_bot - INFO - Bot ready - 2 guilds, 13 users
2026-02-02 16:00:47 - soc_bot - INFO - Bot ready - 2 guilds, 13 users
2026-02-02 16:02:34 - soc_bot - INFO - Bot ready - 2 guilds, 13 users
2026-02-02 16:02:54 - soc_bot - INFO - Bot ready - 2 guilds, 13 users
2026-02-02 16:19:45 - soc_bot - INFO - Bot ready - 2 guilds, 13 users
2026-02-02 16:21:57 - soc_bot - INFO - Bot ready - 2 guilds, 13 users
2026-02-02 16:22:30 - soc_bot - INFO - Bot ready - 2 guilds, 13 users
2026-02-02 16:22:47 - soc_bot - INFO - Bot ready - 2 guilds, 13 users
2026-02-02 16:22:59 - soc_bot - INFO - Bot ready - 2 guilds, 13 users
2026-02-02 16:34:13 - soc_bot - INFO - Bot ready - 2 guilds, 13 users
2026-02-02 16:34:19 - soc_bot - INFO - [CogDependencyAnalyzer] Initialized - Found 0 cogs
2026-02-02 16:34:19 - soc_bot - INFO - [CogDependencyAnalyzer] Setup complete
2026-02-02 16:34:19 - soc_bot - INFO - [CogDependencyAnalyzer] Rebuilt dependency graph
2026-02-02 16:34:28 - soc_bot - INFO - Bot ready - 2 guilds, 13 users
2026-02-02 16:34:33 - soc_bot - INFO - [CogDependencyAnalyzer] Initialized - Found 22 cogs
2026-02-02 16:34:33 - soc_bot - INFO - [CogDependencyAnalyzer] Setup complete
2026-02-02 16:34:33 - soc_bot - INFO - [CogPerformance] Initialized - monitoring enabled
2026-02-02 16:34:33 - soc_bot - INFO - [CogPerformance] Setup complete
2026-02-02 16:34:33 - soc_bot - INFO - [CogDependencyAnalyzer] Rebuilt dependency graph
2026-02-02 16:34:33 - soc_bot - ERROR - [CogPerformance] Error detecting bottlenecks: maximum recursion depth exceeded
2026-02-02 16:34:33 - soc_bot - ERROR - [CogPerformance] Error generating recommendations: asyncio.run() cannot be called from a running event loop
2026-02-02 16:39:34 - soc_bot - INFO - Bot ready - 2 guilds, 13 users
2026-02-02 16:39:39 - soc_bot - INFO - [CogDependencyAnalyzer] Initialized - Found 23 cogs
2026-02-02 16:39:39 - soc_bot - INFO - [CogDependencyAnalyzer] Setup complete
2026-02-02 16:39:39 - soc_bot - INFO - [CogDependencyAnalyzer] Rebuilt dependency graph
2026-02-02 17:10:06 - soc_bot - INFO - Bot ready - 2 guilds, 13 users
2026-02-02 17:13:20 - soc_bot - INFO - Bot ready - 2 guilds, 13 users
2026-02-02 17:13:25 - soc_bot - INFO - [CogDependencyAnalyzer] Initialized - Found 19 cogs
2026-02-02 17:13:25 - soc_bot - INFO - [CogDependencyAnalyzer] Setup complete
2026-02-02 17:13:25 - soc_bot - INFO - [CogPerformance] Initialized - monitoring enabled
2026-02-02 17:13:25 - soc_bot - INFO - [CogPerformance] Setup complete
2026-02-02 17:13:26 - soc_bot - INFO - [CogDependencyAnalyzer] Rebuilt dependency graph
2026-02-02 17:13:26 - soc_bot - ERROR - [CogPerformance] Error detecting bottlenecks: maximum recursion depth exceeded
2026-02-02 17:13:26 - soc_bot - ERROR - [CogPerformance] Error generating recommendations: asyncio.run() cannot be called from a running event loop
2026-02-02 17:16:46 - soc_bot - INFO - Bot ready - 2 guilds, 13 users
2026-02-02 17:37:29 - soc_bot - INFO - Bot ready - 2 guilds, 13 users
2026-02-02 17:40:03 - soc_bot - INFO - Bot ready - 2 guilds, 13 users
2026-02-02 17:40:21 - soc_bot - INFO - Bot ready - 2 guilds, 13 users
2026-02-02 17:41:59 - soc_bot - INFO - Bot ready - 2 guilds, 13 users
2026-02-02 17:47:02 - soc_bot - INFO - Bot ready - 2 guilds, 13 users
2026-02-02 17:47:44 - soc_bot - INFO - Bot ready - 2 guilds, 13 users
2026-02-02 17:48:14 - soc_bot - INFO - Bot ready - 2 guilds, 13 users
2026-02-02 17:50:47 - soc_bot - INFO - Bot ready - 2 guilds, 13 users
2026-02-02 17:53:09 - soc_bot - INFO - Bot ready - 2 guilds, 13 users
2026-02-02 17:55:34 - soc_bot - INFO - Bot ready - 2 guilds, 13 users
2026-02-02 17:57:56 - soc_bot - INFO - Bot ready - 2 guilds, 13 users
2026-02-02 18:03:04 - soc_bot - INFO - Bot ready - 2 guilds, 13 users
2026-02-02 18:05:10 - soc_bot - INFO - Bot ready - 2 guilds, 13 users
2026-02-02 18:06:44 - soc_bot - INFO - Bot ready - 2 guilds, 13 users
2026-02-02 18:11:50 - soc_bot - INFO - Bot ready - 2 guilds, 13 users
2026-02-02 18:22:26 - soc_bot - INFO - Bot ready - 2 guilds, 13 users
2026-02-02 18:26:37 - soc_bot - INFO - Bot ready - 2 guilds, 13 users
2026-02-02 18:29:57 - soc_bot - INFO - [COMMAND] 2.3cam -> helpme in Test server
2026-02-02 18:30:02 - soc_bot - INFO - [COMMAND] 2.3cam -> commands in Test server
2026-02-02 18:58:40 - soc_bot - INFO - Bot ready - 2 guilds, 13 users
2026-02-02 19:00:27 - soc_bot - INFO - Bot ready - 2 guilds, 13 users
2026-02-02 19:01:00 - soc_bot - INFO - Bot ready - 2 guilds, 13 users
2026-02-02 19:04:44 - soc_bot - INFO - Bot ready - 2 guilds, 13 users
2026-02-02 19:17:47 - soc_bot - INFO - Bot ready - 2 guilds, 13 users
2026-02-02 19:53:21 - soc_bot - INFO - Bot ready - 2 guilds, 13 users
2026-02-02 19:54:23 - soc_bot - INFO - Bot ready - 2 guilds, 13 users
2026-02-02 20:10:24 - soc_bot - INFO - Bot ready - 2 guilds, 13 users
2026-02-02 20:15:45 - soc_bot - INFO - Bot ready - 2 guilds, 13 users
2026-02-02 20:19:44 - soc_bot - INFO - Bot ready - 2 guilds, 13 users
2026-02-02 20:20:25 - soc_bot - INFO - Bot ready - 2 guilds, 13 users
2026-02-02 20:20:43 - soc_bot - INFO - Bot ready - 2 guilds, 13 users
